<?xml version="1.0" encoding="UTF-8"?>
<testsuites name="Mocha Tests" time="1.027" tests="2" failures="0">
  <testsuite name="Root Suite" timestamp="2023-01-19T03:55:11" tests="0" file="src/e2e/skills.cy.ts" time="0.000" failures="0">
  </testsuite>
  <testsuite name="Skills" timestamp="2023-01-19T03:55:11" tests="2" time="1.017" failures="0">
    <testcase name="Skills should display title" time="0.867" classname="should display title">
    </testcase>
    <testcase name="Skills should display multiple cards" time="0.146" classname="should display multiple cards">
    </testcase>
  </testsuite>
</testsuites>